[debug] ----------------------------------------------------------------------
[debug] Command:      C:\Program Files\nodejs\node.exe C:\Users\lee\AppData\Roaming\npm\node_modules\firebase-tools\bin\firebase serve
[debug] CLI Version:  3.5.0
[debug] Platform:     win32
[debug] Node Version: v6.10.1
[debug] Time:         Fri Jul 28 2017 20:05:53 GMT+0800 (中国标准时间)
[debug] ----------------------------------------------------------------------
[debug] 
[info] Starting Firebase development server...
[info] 
[info] Project Directory: D:\Github\expensetracker
[info] Public Directory: public
[info] 
[info] Server listening at: http://localhost:5000
[debug] ----------------------------------------------------------------------
[debug] Command:      C:\Program Files\nodejs\node.exe C:\Users\lee\AppData\Roaming\npm\node_modules\firebase-tools\bin\firebase serve
[debug] CLI Version:  3.5.0
[debug] Platform:     win32
[debug] Node Version: v6.10.1
[debug] Time:         Tue Aug 01 2017 08:48:07 GMT+0800 (中国标准时间)
[debug] ----------------------------------------------------------------------
[debug] 
[info] Starting Firebase development server...
[info] 
[info] Project Directory: D:\Github\expensetracker
[info] Public Directory: public
[info] 
[info] Server listening at: http://localhost:5000
[debug] ----------------------------------------------------------------------
[debug] Command:      C:\Program Files\nodejs\node.exe C:\Users\lee\AppData\Roaming\npm\node_modules\firebase-tools\bin\firebase serve
[debug] CLI Version:  3.5.0
[debug] Platform:     win32
[debug] Node Version: v6.10.1
[debug] Time:         Tue Aug 01 2017 12:39:32 GMT+0800 (中国标准时间)
[debug] ----------------------------------------------------------------------
[debug] 
[info] Starting Firebase development server...
[info] 
[info] Project Directory: D:\Github\expensetracker
[info] Public Directory: public
[info] 
[info] Server listening at: http://localhost:5000
